2021-09-18 00:09:32.072 [main][2864] INFO  step_definitions.Hooks - Launch Chrome Browser
2021-09-18 00:09:35.358 [main][6150] DEBUG step_definitions.LoginSteps - User is navigated to the Home Page
2021-09-18 00:09:35.363 [main][6155] DEBUG page_objects.Home - Navigating to All Deals Page
2021-09-18 00:09:36.820 [main][7612] DEBUG step_definitions.SiteMapSteps - User is navigated to SiteMap Page
2021-09-18 00:09:36.821 [main][7613] DEBUG page_objects.SiteMap - verify that Site Map logo exist
2021-09-18 00:09:36.845 [main][7637] DEBUG page_objects.SiteMap - verify that Find A Store option exist
2021-09-18 00:09:37.064 [main][7856] DEBUG step_definitions.SiteMapSteps - Verifying SiteMap Page
2021-09-18 00:09:37.687 [main][8479] INFO  step_definitions.Hooks - close Chrome Browser
2021-09-18 00:09:38.780 [main][9572] INFO  step_definitions.Hooks - Launch Chrome Browser
2021-09-18 00:09:41.809 [main][12601] DEBUG step_definitions.LoginSteps - User is navigated to the Home Page
2021-09-18 00:09:41.811 [main][12603] DEBUG page_objects.Home - Navigating to All Deals Page
2021-09-18 00:09:43.123 [main][13915] DEBUG step_definitions.SiteMapSteps - User is navigated to SiteMap Page
2021-09-18 00:09:43.126 [main][13918] DEBUG page_objects.SiteMap - navigating to StoreLocator page
2021-09-18 00:09:45.061 [main][15853] DEBUG step_definitions.SiteMapSteps - User is navigated to the StoreLocator Page
2021-09-18 00:09:45.578 [main][16370] DEBUG page_objects.StoreLocator - enter location
2021-09-18 00:09:45.663 [main][16455] DEBUG page_objects.StoreLocator - click on search magnifying glass icon
2021-09-18 00:09:45.702 [main][16494] DEBUG page_objects.StoreLocator - verify nearest store information
2021-09-18 00:09:45.702 [main][16494] DEBUG step_definitions.SiteMapSteps - Verifying nearest store information against the Scenario dataTable
2021-09-18 00:09:46.376 [main][17168] INFO  step_definitions.Hooks - close Chrome Browser
2021-09-18 00:09:47.482 [main][18274] INFO  step_definitions.Hooks - Launch Chrome Browser
2021-09-18 00:09:50.855 [main][21647] DEBUG step_definitions.LoginSteps - User is navigated to the Home Page
2021-09-18 00:09:50.856 [main][21648] DEBUG page_objects.Home - Navigating to All Deals Page
2021-09-18 00:09:53.863 [main][24655] DEBUG step_definitions.SiteMapSteps - User is navigated to SiteMap Page
2021-09-18 00:09:53.863 [main][24655] DEBUG page_objects.SiteMap - navigating to StoreLocator page
2021-09-18 00:09:57.058 [main][27850] DEBUG step_definitions.SiteMapSteps - User is navigated to the StoreLocator Page
2021-09-18 00:09:57.786 [main][28578] DEBUG page_objects.StoreLocator - enter location
2021-09-18 00:09:57.914 [main][28706] DEBUG page_objects.StoreLocator - click on search magnifying glass icon
2021-09-18 00:09:57.939 [main][28731] DEBUG page_objects.StoreLocator - verify nearest store information
2021-09-18 00:09:57.940 [main][28732] DEBUG step_definitions.SiteMapSteps - Verifying nearest store information against the Scenario dataTable
2021-09-18 00:09:58.623 [main][29415] INFO  step_definitions.Hooks - close Chrome Browser
2021-09-18 00:09:59.700 [main][30492] INFO  step_definitions.Hooks - Launch Chrome Browser
2021-09-18 00:10:02.925 [main][33717] DEBUG step_definitions.LoginSteps - User is navigated to the Home Page
2021-09-18 00:10:02.928 [main][33720] DEBUG page_objects.Home - Navigating to All Deals Page
2021-09-18 00:10:03.665 [main][34457] DEBUG step_definitions.SiteMapSteps - User is navigated to SiteMap Page
2021-09-18 00:10:03.666 [main][34458] DEBUG page_objects.SiteMap - navigating to StoreLocator page
2021-09-18 00:10:06.093 [main][36885] DEBUG step_definitions.SiteMapSteps - User is navigated to the StoreLocator Page
2021-09-18 00:10:06.627 [main][37419] DEBUG page_objects.StoreLocator - enter location
2021-09-18 00:10:06.702 [main][37494] DEBUG page_objects.StoreLocator - click on search magnifying glass icon
2021-09-18 00:10:07.234 [main][38026] DEBUG page_objects.StoreLocator - verify nearest store information
2021-09-18 00:10:07.234 [main][38026] DEBUG step_definitions.SiteMapSteps - Verifying nearest store information against the Scenario dataTable
2021-09-18 00:10:07.909 [main][38701] INFO  step_definitions.Hooks - close Chrome Browser
2021-09-18 00:10:08.996 [main][39788] INFO  step_definitions.Hooks - Launch Chrome Browser
2021-09-18 00:10:12.792 [main][43584] DEBUG step_definitions.LoginSteps - User is navigated to the Home Page
2021-09-18 00:10:12.794 [main][43586] DEBUG page_objects.Home - Navigating to Internet Page
2021-09-18 00:10:14.800 [main][45592] DEBUG step_definitions.LoginSteps - User is navigated to the Internet Page
2021-09-18 00:10:14.801 [main][45593] DEBUG page_objects.Internet - Click on Shop Internet Speed
2021-09-18 00:10:15.637 [main][46429] DEBUG page_objects.Internet - Click on What Speed Do I Need
2021-09-18 00:10:15.971 [main][46763] DEBUG page_objects.Internet - Selection of number of devices
2021-09-18 00:10:16.088 [main][46880] DEBUG page_objects.Internet - Selection of usage of internet
2021-09-18 00:10:16.665 [main][47457] DEBUG step_definitions.LoginSteps - User has selected the device and usage options
2021-09-18 00:10:16.667 [main][47459] DEBUG step_definitions.LoginSteps - Validating the recommended internet speed with config file entry
2021-09-18 00:10:16.668 [main][47460] DEBUG page_objects.Internet - Verification of the recommended internet speed exist
2021-09-18 00:10:17.470 [main][48262] INFO  step_definitions.Hooks - close Chrome Browser
2021-09-18 00:10:18.566 [main][49358] INFO  step_definitions.Hooks - Launch Chrome Browser
2021-09-18 00:10:20.536 [main][51328] DEBUG step_definitions.LoginSteps - User is navigated to the Home Page
2021-09-18 00:10:20.539 [main][51331] DEBUG page_objects.Home - Navigating to All Deals Page
2021-09-18 00:10:23.756 [main][54548] DEBUG step_definitions.LoginSteps - User is Navigated to the AllDeals page
2021-09-18 00:10:24.841 [main][55633] DEBUG step_definitions.LoginSteps - User has provided location
2021-09-18 00:10:24.940 [main][55732] DEBUG step_definitions.LoginSteps - User has clicked on Show Me Deals button
2021-09-18 00:10:25.623 [main][56415] INFO  step_definitions.Hooks - close Chrome Browser
2021-09-18 00:10:26.684 [main][57476] INFO  step_definitions.Hooks - Launch Chrome Browser
2021-09-18 00:10:30.183 [main][60975] DEBUG step_definitions.LoginSteps - User is navigated to the Home Page
2021-09-18 00:10:30.188 [main][60980] DEBUG page_objects.Home - Navigating to Sign In Page
2021-09-18 00:10:31.214 [main][62006] DEBUG page_objects.SignIn - entered username is me
2021-09-18 00:10:31.318 [main][62110] DEBUG page_objects.SignIn - entered password is 1234
2021-09-18 00:10:31.318 [main][62110] DEBUG step_definitions.LoginSteps - User is navigated to SignIn page and entered username and password
2021-09-18 00:10:31.966 [main][62758] DEBUG page_objects.SignIn - Click on Sign In Button
2021-09-18 00:10:31.966 [main][62758] DEBUG step_definitions.LoginSteps - User clicked on Login Button
2021-09-18 00:10:31.967 [main][62759] DEBUG page_objects.SignIn - Validating login attempt is unsuccessful and login error using invalid credentials
2021-09-18 00:10:31.984 [main][62776] DEBUG step_definitions.LoginSteps - Validating the unsuccessful login error msg with invalid user and invalid password
2021-09-18 00:10:32.632 [main][63424] INFO  step_definitions.Hooks - close Chrome Browser
2021-09-18 00:10:33.726 [main][64518] INFO  step_definitions.Hooks - Launch Chrome Browser
2021-09-18 00:10:35.754 [main][66546] DEBUG step_definitions.LoginSteps - User is navigated to the Home Page
2021-09-18 00:10:35.755 [main][66547] DEBUG page_objects.Home - Navigating to Sign In Page
2021-09-18 00:10:37.383 [main][68175] DEBUG page_objects.SignIn - entered username is they
2021-09-18 00:10:37.384 [main][68176] DEBUG step_definitions.LoginSteps - User has entered username
2021-09-18 00:10:37.497 [main][68289] DEBUG page_objects.SignIn - Click on Sign In Button
2021-09-18 00:10:37.497 [main][68289] DEBUG step_definitions.LoginSteps - User clicked on Login Button
2021-09-18 00:10:37.498 [main][68290] DEBUG page_objects.SignIn - Validating login attempt is unsuccessful and password error using invalid userName and blank password
2021-09-18 00:10:37.541 [main][68333] DEBUG step_definitions.LoginSteps - Validating the password field error msg with invalid user and no password
2021-09-18 00:10:38.203 [main][68995] INFO  step_definitions.Hooks - close Chrome Browser
2021-09-18 00:10:39.292 [main][70084] INFO  step_definitions.Hooks - Launch Chrome Browser
2021-09-18 00:10:41.336 [main][72128] DEBUG step_definitions.LoginSteps - User is navigated to the Home Page
2021-09-18 00:10:41.337 [main][72129] DEBUG page_objects.Home - Navigating to Sign In Page
2021-09-18 00:10:42.592 [main][73384] DEBUG page_objects.SignIn - entered password is they
2021-09-18 00:10:42.592 [main][73384] DEBUG step_definitions.LoginSteps - User is navigated to SignIn Page and entered password
2021-09-18 00:10:42.717 [main][73509] DEBUG page_objects.SignIn - Click on Sign In Button
2021-09-18 00:10:42.717 [main][73509] DEBUG step_definitions.LoginSteps - User clicked on Login Button
2021-09-18 00:10:42.718 [main][73510] DEBUG page_objects.SignIn - Validating login attempt is unsuccessful and userName error using invalid userName and blank password
2021-09-18 00:10:42.755 [main][73547] DEBUG step_definitions.LoginSteps - Validating username field error msg
2021-09-18 00:10:43.391 [main][74183] INFO  step_definitions.Hooks - close Chrome Browser
2021-09-18 00:10:44.466 [main][75258] INFO  step_definitions.Hooks - Launch Chrome Browser
2021-09-18 00:10:47.545 [main][78337] DEBUG step_definitions.LoginSteps - User is navigated to the Home Page
2021-09-18 00:10:47.545 [main][78337] DEBUG page_objects.Home - Navigating to Sign In Page
2021-09-18 00:10:48.565 [main][79357] DEBUG step_definitions.LoginSteps - User is navigated to SignIn page
2021-09-18 00:10:48.670 [main][79462] DEBUG page_objects.SignIn - Click on Sign In Button
2021-09-18 00:10:48.670 [main][79462] DEBUG step_definitions.LoginSteps - User clicked on Login Button
2021-09-18 00:10:48.671 [main][79463] DEBUG page_objects.SignIn - Validating login attempt is unsuccessful and userName error using invalid userName and blank password
2021-09-18 00:10:48.754 [main][79546] DEBUG page_objects.SignIn - Validating login attempt is unsuccessful and password error using invalid userName and blank password
2021-09-18 00:10:48.777 [main][79569] DEBUG step_definitions.LoginSteps - Validating user and password field error msg
2021-09-18 00:10:49.419 [main][80211] INFO  step_definitions.Hooks - close Chrome Browser
