2021-09-18 06:26:17.799 [main][3857] INFO  step_definitions.Hooks - Launch Chrome Browser
2021-09-18 06:26:21.163 [main][7221] DEBUG step_definitions.LoginSteps - User is navigated to the Home Page
2021-09-18 06:26:21.166 [main][7224] DEBUG page_objects.Home - Navigating to All Deals Page
2021-09-18 06:26:22.738 [main][8796] DEBUG step_definitions.SiteMapSteps - User is navigated to SiteMap Page
2021-09-18 06:26:22.739 [main][8797] DEBUG page_objects.SiteMap - verify that Site Map logo exist
2021-09-18 06:26:22.854 [main][8912] DEBUG page_objects.SiteMap - verify that Find A Store option exist
2021-09-18 06:26:22.877 [main][8935] DEBUG step_definitions.SiteMapSteps - Verifying SiteMap Page
2021-09-18 06:26:23.486 [main][9544] INFO  step_definitions.Hooks - close Chrome Browser
2021-09-18 06:26:24.581 [main][10639] INFO  step_definitions.Hooks - Launch Chrome Browser
2021-09-18 06:26:28.222 [main][14280] DEBUG step_definitions.LoginSteps - User is navigated to the Home Page
2021-09-18 06:26:28.224 [main][14282] DEBUG page_objects.Home - Navigating to All Deals Page
2021-09-18 06:26:29.586 [main][15644] DEBUG step_definitions.SiteMapSteps - User is navigated to SiteMap Page
2021-09-18 06:26:29.587 [main][15645] DEBUG page_objects.SiteMap - navigating to StoreLocator page
2021-09-18 06:26:31.277 [main][17335] DEBUG step_definitions.SiteMapSteps - User is navigated to the StoreLocator Page
2021-09-18 06:26:31.850 [main][17908] DEBUG page_objects.StoreLocator - enter location
2021-09-18 06:26:31.924 [main][17982] DEBUG page_objects.StoreLocator - click on search magnifying glass icon
2021-09-18 06:26:31.966 [main][18024] DEBUG page_objects.StoreLocator - verify nearest store information
2021-09-18 06:26:31.966 [main][18024] DEBUG step_definitions.SiteMapSteps - Verifying nearest store information against the Scenario dataTable
2021-09-18 06:26:32.621 [main][18679] INFO  step_definitions.Hooks - close Chrome Browser
2021-09-18 06:26:33.693 [main][19751] INFO  step_definitions.Hooks - Launch Chrome Browser
2021-09-18 06:26:35.802 [main][21860] DEBUG step_definitions.LoginSteps - User is navigated to the Home Page
2021-09-18 06:26:35.803 [main][21861] DEBUG page_objects.Home - Navigating to All Deals Page
2021-09-18 06:26:37.189 [main][23247] DEBUG step_definitions.SiteMapSteps - User is navigated to SiteMap Page
2021-09-18 06:26:37.189 [main][23247] DEBUG page_objects.SiteMap - navigating to StoreLocator page
2021-09-18 06:26:39.220 [main][25278] DEBUG step_definitions.SiteMapSteps - User is navigated to the StoreLocator Page
2021-09-18 06:26:39.729 [main][25787] DEBUG page_objects.StoreLocator - enter location
2021-09-18 06:26:39.798 [main][25856] DEBUG page_objects.StoreLocator - click on search magnifying glass icon
2021-09-18 06:26:39.812 [main][25870] DEBUG page_objects.StoreLocator - verify nearest store information
2021-09-18 06:26:39.812 [main][25870] DEBUG step_definitions.SiteMapSteps - Verifying nearest store information against the Scenario dataTable
2021-09-18 06:26:40.504 [main][26562] INFO  step_definitions.Hooks - close Chrome Browser
2021-09-18 06:26:41.577 [main][27635] INFO  step_definitions.Hooks - Launch Chrome Browser
2021-09-18 06:26:45.174 [main][31232] DEBUG step_definitions.LoginSteps - User is navigated to the Home Page
2021-09-18 06:26:45.175 [main][31233] DEBUG page_objects.Home - Navigating to All Deals Page
2021-09-18 06:26:46.842 [main][32900] DEBUG step_definitions.SiteMapSteps - User is navigated to SiteMap Page
2021-09-18 06:26:46.842 [main][32900] DEBUG page_objects.SiteMap - navigating to StoreLocator page
2021-09-18 06:26:48.443 [main][34501] DEBUG step_definitions.SiteMapSteps - User is navigated to the StoreLocator Page
2021-09-18 06:26:48.992 [main][35050] DEBUG page_objects.StoreLocator - enter location
2021-09-18 06:26:49.055 [main][35113] DEBUG page_objects.StoreLocator - click on search magnifying glass icon
2021-09-18 06:26:49.665 [main][35723] DEBUG page_objects.StoreLocator - verify nearest store information
2021-09-18 06:26:49.665 [main][35723] DEBUG step_definitions.SiteMapSteps - Verifying nearest store information against the Scenario dataTable
2021-09-18 06:26:50.344 [main][36402] INFO  step_definitions.Hooks - close Chrome Browser
2021-09-18 06:26:51.435 [main][37493] INFO  step_definitions.Hooks - Launch Chrome Browser
2021-09-18 06:26:54.568 [main][40626] DEBUG step_definitions.LoginSteps - User is navigated to the Home Page
2021-09-18 06:26:54.570 [main][40628] DEBUG page_objects.Home - Navigating to Internet Page
2021-09-18 06:26:56.724 [main][42782] DEBUG step_definitions.LoginSteps - User is navigated to the Internet Page
2021-09-18 06:26:56.725 [main][42783] DEBUG page_objects.Internet - Click on Shop Internet Speed
2021-09-18 06:26:57.507 [main][43565] DEBUG page_objects.Internet - Click on What Speed Do I Need
2021-09-18 06:26:58.008 [main][44066] DEBUG page_objects.Internet - Selection of number of devices
2021-09-18 06:26:58.144 [main][44202] DEBUG page_objects.Internet - Selection of usage of internet
2021-09-18 06:26:58.357 [main][44415] DEBUG step_definitions.LoginSteps - User has selected the device and usage options
2021-09-18 06:26:58.359 [main][44417] DEBUG step_definitions.LoginSteps - Validating the recommended internet speed with config file entry
2021-09-18 06:26:58.362 [main][44420] DEBUG page_objects.Internet - Verification of the recommended internet speed exist
2021-09-18 06:27:04.075 [main][50133] INFO  step_definitions.Hooks - close Chrome Browser
2021-09-18 06:27:05.172 [main][51230] INFO  step_definitions.Hooks - Launch Chrome Browser
2021-09-18 06:27:07.349 [main][53407] DEBUG step_definitions.LoginSteps - User is navigated to the Home Page
2021-09-18 06:27:07.352 [main][53410] DEBUG page_objects.Home - Navigating to All Deals Page
2021-09-18 06:27:10.604 [main][56662] DEBUG step_definitions.LoginSteps - User is Navigated to the AllDeals page
2021-09-18 06:27:11.560 [main][57618] DEBUG step_definitions.LoginSteps - User has provided location
2021-09-18 06:27:11.680 [main][57738] DEBUG step_definitions.LoginSteps - User has clicked on Show Me Deals button
2021-09-18 06:27:12.317 [main][58375] INFO  step_definitions.Hooks - close Chrome Browser
2021-09-18 06:27:13.388 [main][59446] INFO  step_definitions.Hooks - Launch Chrome Browser
2021-09-18 06:27:16.901 [main][62959] DEBUG step_definitions.LoginSteps - User is navigated to the Home Page
2021-09-18 06:27:16.903 [main][62961] DEBUG page_objects.Home - Navigating to Sign In Page
2021-09-18 06:27:17.975 [main][64033] DEBUG page_objects.SignIn - entered username is me
2021-09-18 06:27:18.121 [main][64179] DEBUG page_objects.SignIn - entered password is 1234
2021-09-18 06:27:18.121 [main][64179] DEBUG step_definitions.LoginSteps - User is navigated to SignIn page and entered username and password
2021-09-18 06:27:18.791 [main][64849] DEBUG page_objects.SignIn - Click on Sign In Button
2021-09-18 06:27:18.791 [main][64849] DEBUG step_definitions.LoginSteps - User clicked on Login Button
2021-09-18 06:27:18.791 [main][64849] DEBUG page_objects.SignIn - Validating login attempt is unsuccessful and login error using invalid credentials
2021-09-18 06:27:18.803 [main][64861] DEBUG step_definitions.LoginSteps - Validating the unsuccessful login error msg with invalid user and invalid password
2021-09-18 06:27:19.453 [main][65511] INFO  step_definitions.Hooks - close Chrome Browser
2021-09-18 06:27:20.528 [main][66586] INFO  step_definitions.Hooks - Launch Chrome Browser
2021-09-18 06:27:22.640 [main][68698] DEBUG step_definitions.LoginSteps - User is navigated to the Home Page
2021-09-18 06:27:22.640 [main][68698] DEBUG page_objects.Home - Navigating to Sign In Page
2021-09-18 06:27:23.714 [main][69772] DEBUG page_objects.SignIn - entered username is they
2021-09-18 06:27:23.714 [main][69772] DEBUG step_definitions.LoginSteps - User has entered username
2021-09-18 06:27:23.845 [main][69903] DEBUG page_objects.SignIn - Click on Sign In Button
2021-09-18 06:27:23.846 [main][69904] DEBUG step_definitions.LoginSteps - User clicked on Login Button
2021-09-18 06:27:23.848 [main][69906] DEBUG page_objects.SignIn - Validating login attempt is unsuccessful and password error using invalid userName and blank password
2021-09-18 06:27:23.905 [main][69963] DEBUG step_definitions.LoginSteps - Validating the password field error msg with invalid user and no password
2021-09-18 06:27:24.546 [main][70604] INFO  step_definitions.Hooks - close Chrome Browser
2021-09-18 06:27:25.623 [main][71681] INFO  step_definitions.Hooks - Launch Chrome Browser
2021-09-18 06:27:28.893 [main][74951] DEBUG step_definitions.LoginSteps - User is navigated to the Home Page
2021-09-18 06:27:28.893 [main][74951] DEBUG page_objects.Home - Navigating to Sign In Page
2021-09-18 06:27:29.885 [main][75943] DEBUG page_objects.SignIn - entered password is they
2021-09-18 06:27:29.886 [main][75944] DEBUG step_definitions.LoginSteps - User is navigated to SignIn Page and entered password
2021-09-18 06:27:30.017 [main][76075] DEBUG page_objects.SignIn - Click on Sign In Button
2021-09-18 06:27:30.017 [main][76075] DEBUG step_definitions.LoginSteps - User clicked on Login Button
2021-09-18 06:27:30.018 [main][76076] DEBUG page_objects.SignIn - Validating login attempt is unsuccessful and userName error using invalid userName and blank password
2021-09-18 06:27:30.059 [main][76117] DEBUG step_definitions.LoginSteps - Validating username field error msg
2021-09-18 06:27:30.665 [main][76723] INFO  step_definitions.Hooks - close Chrome Browser
2021-09-18 06:27:31.756 [main][77814] INFO  step_definitions.Hooks - Launch Chrome Browser
2021-09-18 06:27:35.347 [main][81405] DEBUG step_definitions.LoginSteps - User is navigated to the Home Page
2021-09-18 06:27:35.349 [main][81407] DEBUG page_objects.Home - Navigating to Sign In Page
2021-09-18 06:27:36.301 [main][82359] DEBUG step_definitions.LoginSteps - User is navigated to SignIn page
2021-09-18 06:27:36.443 [main][82501] DEBUG page_objects.SignIn - Click on Sign In Button
2021-09-18 06:27:36.443 [main][82501] DEBUG step_definitions.LoginSteps - User clicked on Login Button
2021-09-18 06:27:36.444 [main][82502] DEBUG page_objects.SignIn - Validating login attempt is unsuccessful and userName error using invalid userName and blank password
2021-09-18 06:27:36.501 [main][82559] DEBUG page_objects.SignIn - Validating login attempt is unsuccessful and password error using invalid userName and blank password
2021-09-18 06:27:36.526 [main][82584] DEBUG step_definitions.LoginSteps - Validating user and password field error msg
2021-09-18 06:27:37.141 [main][83199] INFO  step_definitions.Hooks - close Chrome Browser
